<?xml version="1.0" encoding="UTF-8"?>
<testng-results skipped="0" failed="0" total="3" passed="3">
  <reporter-output>
  </reporter-output>
  <suite name="Default suite" duration-ms="167687" started-at="2020-03-03T13:29:26Z" finished-at="2020-03-03T13:32:14Z">
    <groups>
    </groups>
    <test name="Default test" duration-ms="167687" started-at="2020-03-03T13:29:26Z" finished-at="2020-03-03T13:32:14Z">
      <class name="com.tm.TestCases.TestCases_Leave">
        <test-method status="PASS" signature="setupReport()[pri:0, instance:com.tm.TestCases.TestCases_Leave@4b9e13df]" name="setupReport" is-config="true" duration-ms="516" started-at="2020-03-03T18:59:26Z" finished-at="2020-03-03T18:59:26Z">
          <reporter-output>
          </reporter-output>
        </test-method> <!-- setupReport -->
        <test-method status="PASS" signature="launchBrowser(java.lang.reflect.Method)[pri:0, instance:com.tm.TestCases.TestCases_Leave@4b9e13df]" name="launchBrowser" is-config="true" duration-ms="29968" started-at="2020-03-03T18:59:26Z" finished-at="2020-03-03T18:59:56Z">
          <params>
            <param index="0">
              <value>
                <![CDATA[public void com.tm.TestCases.TestCases_Leave.TC101_verifyLoginFunctionality()]]>
              </value>
            </param>
          </params>
          <reporter-output>
          </reporter-output>
        </test-method> <!-- launchBrowser -->
        <test-method status="PASS" signature="TC101_verifyLoginFunctionality()[pri:0, instance:com.tm.TestCases.TestCases_Leave@4b9e13df]" name="TC101_verifyLoginFunctionality" duration-ms="44548" started-at="2020-03-03T18:59:56Z" finished-at="2020-03-03T19:00:41Z">
          <reporter-output>
          </reporter-output>
        </test-method> <!-- TC101_verifyLoginFunctionality -->
        <test-method status="PASS" signature="closeBrowser()[pri:0, instance:com.tm.TestCases.TestCases_Leave@4b9e13df]" name="closeBrowser" is-config="true" duration-ms="432" started-at="2020-03-03T19:00:41Z" finished-at="2020-03-03T19:00:41Z">
          <reporter-output>
          </reporter-output>
        </test-method> <!-- closeBrowser -->
        <test-method status="PASS" signature="launchBrowser(java.lang.reflect.Method)[pri:0, instance:com.tm.TestCases.TestCases_Leave@4b9e13df]" name="launchBrowser" is-config="true" duration-ms="3385" started-at="2020-03-03T19:00:41Z" finished-at="2020-03-03T19:00:45Z">
          <params>
            <param index="0">
              <value>
                <![CDATA[public void com.tm.TestCases.TestCases_Leave.TC102_ApplyLeave()]]>
              </value>
            </param>
          </params>
          <reporter-output>
          </reporter-output>
        </test-method> <!-- launchBrowser -->
        <test-method status="PASS" signature="TC102_ApplyLeave()[pri:0, instance:com.tm.TestCases.TestCases_Leave@4b9e13df]" name="TC102_ApplyLeave" duration-ms="68639" started-at="2020-03-03T19:00:45Z" finished-at="2020-03-03T19:01:53Z">
          <reporter-output>
          </reporter-output>
        </test-method> <!-- TC102_ApplyLeave -->
        <test-method status="PASS" signature="closeBrowser()[pri:0, instance:com.tm.TestCases.TestCases_Leave@4b9e13df]" name="closeBrowser" is-config="true" duration-ms="250" started-at="2020-03-03T19:01:53Z" finished-at="2020-03-03T19:01:54Z">
          <reporter-output>
          </reporter-output>
        </test-method> <!-- closeBrowser -->
        <test-method status="PASS" signature="launchBrowser(java.lang.reflect.Method)[pri:0, instance:com.tm.TestCases.TestCases_Leave@4b9e13df]" name="launchBrowser" is-config="true" duration-ms="3571" started-at="2020-03-03T19:01:54Z" finished-at="2020-03-03T19:01:57Z">
          <params>
            <param index="0">
              <value>
                <![CDATA[public static void com.tm.TestCases.TestCases_Leave.TC103_FilterAndVerifyLeaveStatus()]]>
              </value>
            </param>
          </params>
          <reporter-output>
          </reporter-output>
        </test-method> <!-- launchBrowser -->
        <test-method status="PASS" signature="TC103_FilterAndVerifyLeaveStatus()[pri:0, instance:com.tm.TestCases.TestCases_Leave@4b9e13df]" name="TC103_FilterAndVerifyLeaveStatus" duration-ms="16426" started-at="2020-03-03T19:01:57Z" finished-at="2020-03-03T19:02:14Z">
          <reporter-output>
          </reporter-output>
        </test-method> <!-- TC103_FilterAndVerifyLeaveStatus -->
        <test-method status="PASS" signature="closeBrowser()[pri:0, instance:com.tm.TestCases.TestCases_Leave@4b9e13df]" name="closeBrowser" is-config="true" duration-ms="322" started-at="2020-03-03T19:02:14Z" finished-at="2020-03-03T19:02:14Z">
          <reporter-output>
          </reporter-output>
        </test-method> <!-- closeBrowser -->
        <test-method status="PASS" signature="toEnd()[pri:0, instance:com.tm.TestCases.TestCases_Leave@4b9e13df]" name="toEnd" is-config="true" duration-ms="11675" started-at="2020-03-03T19:02:14Z" finished-at="2020-03-03T19:02:26Z">
          <reporter-output>
          </reporter-output>
        </test-method> <!-- toEnd -->
      </class> <!-- com.tm.TestCases.TestCases_Leave -->
    </test> <!-- Default test -->
  </suite> <!-- Default suite -->
</testng-results>
