<?xml version="1.0" encoding="UTF-8"?>
<!-- Generated by org.testng.reporters.JUnitXMLReporter -->
<testsuite hostname="vamsi" name="Test" tests="3" failures="0" timestamp="28 Feb 2020 03:31:05 GMT" time="133.779" errors="0">
  <testcase name="TC101_verifyLoginFunctionality" time="14.571" classname="com.tm.TestCases.TestCases_Leave"/>
  <testcase name="TC102_ApplyLeave" time="46.417" classname="com.tm.TestCases.TestCases_Leave"/>
  <testcase name="TC103_FilterAndVerifyLeaveStatus" time="53.052" classname="com.tm.TestCases.TestCases_Leave"/>
</testsuite> <!-- Test -->
