<?xml version="1.0" encoding="UTF-8"?>
<!-- Generated by org.testng.reporters.JUnitXMLReporter -->
<testsuite hostname="vamsi" name="Test" tests="1" failures="1" timestamp="9 Mar 2020 07:40:11 GMT" time="5.608" errors="0">
  <testcase name="TC104_Immigration" time="0.758" classname="com.tm.TestCases.TestCases_Leave">
    <failure type="java.lang.NullPointerException">
      <![CDATA[java.lang.NullPointerException
	at com.tm.TestCases.TestCases_Leave.TC104_Immigration(TestCases_Leave.java:96)
... Removed 24 stack frames]]>
    </failure>
  </testcase> <!-- TC104_Immigration -->
</testsuite> <!-- Test -->
